<?xml version="1.0" encoding="UTF-8"?>
<testsuite xmlns:xsi="http://www.w3.org/2001/XMLSchema-instance" xsi:noNamespaceSchemaLocation="https://maven.apache.org/surefire/maven-surefire-plugin/xsd/surefire-test-report.xsd" version="3.0.2" name="com.prakhar.moneymanager.MoneymanagerApplicationTests" time="16.033" tests="1" errors="0" skipped="0" failures="0" flakes="0">
  <properties>
[...]
</properties>
  <testcase name="contextLoads" classname="com.prakhar.moneymanager.MoneymanagerApplicationTests" time="0.598">
    <system-out><![CDATA[20:37:20.709 [main] INFO org.springframework.test.context.support.AnnotationConfigContextLoaderUtils -- Could not detect default configuration classes for test class [com.prakhar.moneymanager.MoneymanagerApplicationTests]: MoneymanagerApplicationTests does not declare any static, non-private, non-final, nested classes annotated with @Configuration.
20:37:20.989 [main] INFO org.springframework.boot.test.context.SpringBootTestContextBootstrapper -- Found @SpringBootConfiguration com.prakhar.moneymanager.MoneymanagerApplication for test class com.prakhar.moneymanager.MoneymanagerApplicationTests
20:37:21.215 [main] INFO org.springframework.test.context.support.AnnotationConfigContextLoaderUtils -- Could not detect default configuration classes for test class [com.prakhar.moneymanager.MoneymanagerApplicationTests]: MoneymanagerApplicationTests does not declare any static, non-private, non-final, nested classes annotated with @Configuration.
20:37:21.220 [main] INFO org.springframework.boot.test.context.SpringBootTestContextBootstrapper -- Found @SpringBootConfiguration com.prakhar.moneymanager.MoneymanagerApplication for test class com.prakhar.moneymanager.MoneymanagerApplicationTests

  .   ____          _            __ _ _
 /\\ / ___'_ __ _ _(_)_ __  __ _ \ \ \ \
( ( )\___ | '_ | '_| | '_ \/ _` | \ \ \ \
 \\/  ___)| |_)| | | | | || (_| |  ) ) ) )
  '  |____| .__|_| |_|_| |_\__, | / / / /
 =========|_|==============|___/=/_/_/_/

 :: Spring Boot ::                (v4.0.5)

2026-05-02T20:37:21.843+05:30  INFO 23024 --- [moneymanager] [           main] c.p.m.MoneymanagerApplicationTests       : Starting MoneymanagerApplicationTests using Java 25.0.1 with PID 23024 (started by gupta in D:\Advance Java\Project\moneymanager\moneyManagerServer)
2026-05-02T20:37:21.847+05:30  INFO 23024 --- [moneymanager] [           main] c.p.m.MoneymanagerApplicationTests       : The following 1 profile is active: "prod"
2026-05-02T20:37:23.327+05:30  INFO 23024 --- [moneymanager] [           main] .s.d.r.c.RepositoryConfigurationDelegate : Bootstrapping Spring Data JPA repositories in DEFAULT mode.
2026-05-02T20:37:23.435+05:30  INFO 23024 --- [moneymanager] [           main] .s.d.r.c.RepositoryConfigurationDelegate : Finished Spring Data repository scanning in 92 ms. Found 4 JPA repository interfaces.
2026-05-02T20:37:24.388+05:30  INFO 23024 --- [moneymanager] [           main] org.hibernate.orm.jpa                    : HHH008540: Processing PersistenceUnitInfo [name: default]
2026-05-02T20:37:24.579+05:30  INFO 23024 --- [moneymanager] [           main] org.hibernate.orm.core                   : HHH000001: Hibernate ORM core version 7.2.7.Final
2026-05-02T20:37:25.615+05:30  INFO 23024 --- [moneymanager] [           main] o.s.o.j.p.SpringPersistenceUnitInfo      : No LoadTimeWeaver setup: ignoring JPA class transformer
2026-05-02T20:37:25.664+05:30  INFO 23024 --- [moneymanager] [           main] com.zaxxer.hikari.HikariDataSource       : HikariPool-1 - Starting...
2026-05-02T20:37:28.462+05:30  INFO 23024 --- [moneymanager] [           main] com.zaxxer.hikari.pool.HikariPool        : HikariPool-1 - Added connection org.postgresql.jdbc.PgConnection@51e1e058
2026-05-02T20:37:28.465+05:30  INFO 23024 --- [moneymanager] [           main] com.zaxxer.hikari.HikariDataSource       : HikariPool-1 - Start completed.
2026-05-02T20:37:29.416+05:30  INFO 23024 --- [moneymanager] [           main] org.hibernate.orm.connections.pooling    : HHH10001005: Database info:
	Database JDBC URL [jdbc:postgresql://dpg-d7j3juhj2pic73b7e4v0-a.singapore-postgres.render.com/moneymanager_wngo]
	Database driver: PostgreSQL JDBC Driver
	Database dialect: PostgreSQLDialect
	Database version: 18.3
	Default catalog/schema: moneymanager_wngo/public
	Autocommit mode: undefined/unknown
	Isolation level: READ_COMMITTED [default READ_COMMITTED]
	JDBC fetch size: none
	Pool: DataSourceConnectionProvider
	Minimum pool size: undefined/unknown
	Maximum pool size: undefined/unknown
2026-05-02T20:37:31.186+05:30  INFO 23024 --- [moneymanager] [           main] org.hibernate.orm.core                   : HHH000489: No JTA platform available (set 'hibernate.transaction.jta.platform' to enable JTA platform integration)
2026-05-02T20:37:32.448+05:30  INFO 23024 --- [moneymanager] [           main] j.LocalContainerEntityManagerFactoryBean : Initialized JPA EntityManagerFactory for persistence unit 'default'
2026-05-02T20:37:32.625+05:30  INFO 23024 --- [moneymanager] [           main] o.s.d.j.r.query.QueryEnhancerFactories   : Hibernate is in classpath; If applicable, HQL parser will be used.
2026-05-02T20:37:34.339+05:30  WARN 23024 --- [moneymanager] [           main] JpaBaseConfiguration$JpaWebConfiguration : spring.jpa.open-in-view is enabled by default. Therefore, database queries may be performed during view rendering. Explicitly configure spring.jpa.open-in-view to disable this warning
2026-05-02T20:37:34.595+05:30  INFO 23024 --- [moneymanager] [           main] r$InitializeUserDetailsManagerConfigurer : Global AuthenticationManager configured with UserDetailsService bean with name appUserDetailService
2026-05-02T20:37:35.701+05:30  INFO 23024 --- [moneymanager] [           main] c.p.m.MoneymanagerApplicationTests       : Started MoneymanagerApplicationTests in 14.339 seconds (process running for 16.702)
]]></system-out>
    <system-err><![CDATA[WARNING: Use of the three-letter time zone ID "IST" is deprecated and it will be removed in a future release
WARNING: Use of the three-letter time zone ID "IST" is deprecated and it will be removed in a future release
Mockito is currently self-attaching to enable the inline-mock-maker. This will no longer work in future releases of the JDK. Please add Mockito as an agent to your build as described in Mockito's documentation: https://javadoc.io/doc/org.mockito/mockito-core/latest/org.mockito/org/mockito/Mockito.html#0.3
WARNING: A Java agent has been loaded dynamically (C:\Users\gupta\.m2\repository\net\bytebuddy\byte-buddy-agent\1.17.8\byte-buddy-agent-1.17.8.jar)
WARNING: If a serviceability tool is in use, please run with -XX:+EnableDynamicAgentLoading to hide this warning
WARNING: If a serviceability tool is not in use, please run with -Djdk.instrument.traceUsage for more information
WARNING: Dynamic loading of agents will be disallowed by default in a future release
]]></system-err>
  </testcase>
</testsuite>